Performing C SOURCE FILE Test CMAKE_HAVE_LIBC_PTHREAD failed with the following output:
Change Dir: /home/zhao/learn/tf-cpp/tf-cpp-demo/cmake-build-debug/CMakeFiles/CMakeTmp

Run Build Command(s):/usr/bin/make cmTC_6c77f/fast && /usr/bin/make  -f CMakeFiles/cmTC_6c77f.dir/build.make CMakeFiles/cmTC_6c77f.dir/build
make[1]: 进入目录“/home/zhao/learn/tf-cpp/tf-cpp-demo/cmake-build-debug/CMakeFiles/CMakeTmp”
Building C object CMakeFiles/cmTC_6c77f.dir/src.c.o
/usr/bin/cc   -fPIC -DCMAKE_HAVE_LIBC_PTHREAD   -o CMakeFiles/cmTC_6c77f.dir/src.c.o   -c /home/zhao/learn/tf-cpp/tf-cpp-demo/cmake-build-debug/CMakeFiles/CMakeTmp/src.c
Linking C executable cmTC_6c77f
/home/zhao/Downloads/clion-2020.3.2/bin/cmake/linux/bin/cmake -E cmake_link_script CMakeFiles/cmTC_6c77f.dir/link.txt --verbose=1
/usr/bin/cc -fPIC -DCMAKE_HAVE_LIBC_PTHREAD    -rdynamic CMakeFiles/cmTC_6c77f.dir/src.c.o  -o cmTC_6c77f 
CMakeFiles/cmTC_6c77f.dir/src.c.o：在函数‘main’中：
src.c:(.text+0x3e)：对‘pthread_create’未定义的引用
src.c:(.text+0x4a)：对‘pthread_detach’未定义的引用
src.c:(.text+0x56)：对‘pthread_cancel’未定义的引用
src.c:(.text+0x67)：对‘pthread_join’未定义的引用
src.c:(.text+0x7b)：对‘pthread_atfork’未定义的引用
collect2: error: ld returned 1 exit status
CMakeFiles/cmTC_6c77f.dir/build.make:106: recipe for target 'cmTC_6c77f' failed
make[1]: *** [cmTC_6c77f] Error 1
make[1]: 离开目录“/home/zhao/learn/tf-cpp/tf-cpp-demo/cmake-build-debug/CMakeFiles/CMakeTmp”
Makefile:141: recipe for target 'cmTC_6c77f/fast' failed
make: *** [cmTC_6c77f/fast] Error 2


Source file was:
#include <pthread.h>

void* test_func(void* data)
{
  return data;
}

int main(void)
{
  pthread_t thread;
  pthread_create(&thread, NULL, test_func, NULL);
  pthread_detach(thread);
  pthread_cancel(thread);
  pthread_join(thread, NULL);
  pthread_atfork(NULL, NULL, NULL);
  pthread_exit(NULL);

  return 0;
}

Determining if the function pthread_create exists in the pthreads failed with the following output:
Change Dir: /home/zhao/learn/tf-cpp/tf-cpp-demo/cmake-build-debug/CMakeFiles/CMakeTmp

Run Build Command(s):/usr/bin/make cmTC_34435/fast && /usr/bin/make  -f CMakeFiles/cmTC_34435.dir/build.make CMakeFiles/cmTC_34435.dir/build
make[1]: 进入目录“/home/zhao/learn/tf-cpp/tf-cpp-demo/cmake-build-debug/CMakeFiles/CMakeTmp”
Building C object CMakeFiles/cmTC_34435.dir/CheckFunctionExists.c.o
/usr/bin/cc   -fPIC -DCHECK_FUNCTION_EXISTS=pthread_create   -o CMakeFiles/cmTC_34435.dir/CheckFunctionExists.c.o   -c /home/zhao/Downloads/clion-2020.3.2/bin/cmake/linux/share/cmake-3.17/Modules/CheckFunctionExists.c
Linking C executable cmTC_34435
/home/zhao/Downloads/clion-2020.3.2/bin/cmake/linux/bin/cmake -E cmake_link_script CMakeFiles/cmTC_34435.dir/link.txt --verbose=1
/usr/bin/cc -fPIC -DCHECK_FUNCTION_EXISTS=pthread_create    -rdynamic CMakeFiles/cmTC_34435.dir/CheckFunctionExists.c.o  -o cmTC_34435  -lpthreads 
/usr/bin/ld: 找不到 -lpthreads
collect2: error: ld returned 1 exit status
CMakeFiles/cmTC_34435.dir/build.make:106: recipe for target 'cmTC_34435' failed
make[1]: *** [cmTC_34435] Error 1
make[1]: 离开目录“/home/zhao/learn/tf-cpp/tf-cpp-demo/cmake-build-debug/CMakeFiles/CMakeTmp”
Makefile:141: recipe for target 'cmTC_34435/fast' failed
make: *** [cmTC_34435/fast] Error 2



